#
# There is insufficient memory for the Java Runtime Environment to continue.
# Native memory allocation (malloc) failed to allocate 1954864 bytes for Chunk::new
# Possible reasons:
#   The system is out of physical RAM or swap space
#   In 32 bit mode, the process size limit was hit
# Possible solutions:
#   Reduce memory load on the system
#   Increase physical memory or swap space
#   Check if swap backing store is full
#   Use 64 bit Java on a 64 bit OS
#   Decrease Java heap size (-Xmx/-Xms)
#   Decrease number of Java threads
#   Decrease Java thread stack sizes (-Xss)
#   Set larger code cache with -XX:ReservedCodeCacheSize=
# This output file may be truncated or incomplete.
#
#  Out of Memory Error (allocation.cpp:390), pid=8172, tid=0x0000000000002054
#
# JRE version: Java(TM) SE Runtime Environment (8.0_111-b14) (build 1.8.0_111-b14)
# Java VM: Java HotSpot(TM) 64-Bit Server VM (25.111-b14 mixed mode windows-amd64 compressed oops)
# Failed to write core dump. Minidumps are not enabled by default on client versions of Windows
#

---------------  T H R E A D  ---------------

Current thread (0x00000000170ae800):  JavaThread "C2 CompilerThread0" daemon [_thread_in_native, id=8276, stack(0x0000000018610000,0x0000000018710000)]

Stack: [0x0000000018610000,0x0000000018710000]
[error occurred during error reporting (printing stack bounds), id 0xc0000005]

Native frames: (J=compiled Java code, j=interpreted, Vv=VM code, C=native code)


Current CompileTask:
C2:   1941 1043       4       java.math.BigInteger::multiply (187 bytes)


---------------  P R O C E S S  ---------------

Java Threads: ( => current thread )
  0x000000001a5dc800 JavaThread "Thread-15" daemon [_thread_blocked, id=13572, stack(0x000000001c110000,0x000000001c210000)]
  0x000000001a5e0000 JavaThread "Thread-14" daemon [_thread_blocked, id=14892, stack(0x000000001c010000,0x000000001c110000)]
  0x000000001a5e1800 JavaThread "Thread-13" daemon [_thread_blocked, id=11488, stack(0x000000001bf10000,0x000000001c010000)]
  0x000000001a5db000 JavaThread "Thread-12" daemon [_thread_blocked, id=13884, stack(0x000000001be10000,0x000000001bf10000)]
  0x000000001a5db800 JavaThread "Thread-11" daemon [_thread_blocked, id=16268, stack(0x000000001bd10000,0x000000001be10000)]
  0x00000000193ff000 JavaThread "Thread-10" daemon [_thread_blocked, id=13636, stack(0x000000001bc10000,0x000000001bd10000)]
  0x00000000193fe800 JavaThread "Thread-9" daemon [_thread_blocked, id=11532, stack(0x000000001bb10000,0x000000001bc10000)]
  0x00000000196e6000 JavaThread "Thread-8" daemon [_thread_blocked, id=13476, stack(0x000000001ba10000,0x000000001bb10000)]
  0x00000000196e5000 JavaThread "Thread-7" daemon [_thread_blocked, id=1028, stack(0x000000001b910000,0x000000001ba10000)]
  0x00000000190d9800 JavaThread "Thread-6" daemon [_thread_blocked, id=5604, stack(0x000000001b810000,0x000000001b910000)]
  0x00000000196e4800 JavaThread "Thread-5" daemon [_thread_blocked, id=3632, stack(0x000000001b710000,0x000000001b810000)]
  0x00000000196e3800 JavaThread "Thread-4" daemon [_thread_blocked, id=15256, stack(0x000000001b610000,0x000000001b710000)]
  0x000000001a4c4800 JavaThread "Thread-3" daemon [_thread_blocked, id=4500, stack(0x000000001b510000,0x000000001b610000)]
  0x000000001a4c4000 JavaThread "Thread-2" daemon [_thread_blocked, id=3368, stack(0x000000001b410000,0x000000001b510000)]
  0x000000001a434800 JavaThread "Thread-1" daemon [_thread_blocked, id=588, stack(0x000000001b310000,0x000000001b410000)]
  0x000000001a433800 JavaThread "Thread-0" daemon [_thread_blocked, id=9008, stack(0x000000001b210000,0x000000001b310000)]
  0x0000000018943000 JavaThread "Service Thread" daemon [_thread_blocked, id=6148, stack(0x0000000018d10000,0x0000000018e10000)]
  0x00000000170b8800 JavaThread "C1 CompilerThread2" daemon [_thread_blocked, id=10340, stack(0x0000000018810000,0x0000000018910000)]
  0x00000000170b3800 JavaThread "C2 CompilerThread1" daemon [_thread_in_native, id=8584, stack(0x0000000018710000,0x0000000018810000)]
=>0x00000000170ae800 JavaThread "C2 CompilerThread0" daemon [_thread_in_native, id=8276, stack(0x0000000018610000,0x0000000018710000)]
  0x00000000170ad000 JavaThread "Attach Listener" daemon [_thread_blocked, id=6784, stack(0x0000000018510000,0x0000000018610000)]
  0x00000000170ab800 JavaThread "Signal Dispatcher" daemon [_thread_blocked, id=14444, stack(0x0000000018410000,0x0000000018510000)]
  0x000000000255b000 JavaThread "Finalizer" daemon [_thread_blocked, id=11924, stack(0x0000000018310000,0x0000000018410000)]
  0x0000000017079000 JavaThread "Reference Handler" daemon [_thread_blocked, id=5896, stack(0x0000000018210000,0x0000000018310000)]
  0x0000000000a2d800 JavaThread "main" [_thread_in_Java, id=11516, stack(0x0000000002360000,0x0000000002460000)]

Other Threads:
  0x0000000017077000 VMThread [stack: 0x0000000018110000,0x0000000018210000] [id=10864]
  0x0000000018961800 WatcherThread [stack: 0x0000000018e10000,0x0000000018f10000] [id=9888]

VM state:not at safepoint (normal execution)

VM Mutex/Monitor currently owned by a thread: None

Heap:
 PSYoungGen      total 71680K, used 17570K [0x00000000d5d80000, 0x00000000da880000, 0x0000000100000000)
  eden space 66560K, 25% used [0x00000000d5d80000,0x00000000d6df1458,0x00000000d9e80000)
  from space 5120K, 14% used [0x00000000da380000,0x00000000da437400,0x00000000da880000)
  to   space 5120K, 0% used [0x00000000d9e80000,0x00000000d9e80000,0x00000000da380000)
 ParOldGen       total 87552K, used 13761K [0x0000000081800000, 0x0000000086d80000, 0x00000000d5d80000)
  object space 87552K, 15% used [0x0000000081800000,0x00000000825707a8,0x0000000086d80000)
 Metaspace       used 7704K, capacity 7868K, committed 7936K, reserved 1056768K
  class space    used 879K, capacity 960K, committed 1024K, reserved 1048576K

Card table byte_map: [0x0000000011920000,0x0000000011d20000] byte_map_base: 0x0000000011514000

Marking Bits: (ParMarkBitMap*) 0x000000006602a6c0
 Begin Bits: [0x00000000123d0000, 0x0000000014370000)
 End Bits:   [0x0000000014370000, 0x0000000016310000)

Polling page: 0x0000000000630000

CodeCache: size=245760Kb used=3948Kb max_used=3948Kb free=241811Kb
 bounds [0x0000000002560000, 0x0000000002940000, 0x0000000011560000]
 total_blobs=1533 nmethods=1200 adapters=246
 compilation: enabled

Compilation events (10 events):
Event: 1.759 Thread 0x00000000170b8800 1205       3       java.lang.AbstractStringBuilder::append (62 bytes)
Event: 1.759 Thread 0x00000000170b8800 nmethod 1205 0x0000000002939c90 code [0x0000000002939e80, 0x000000000293a7b8]
Event: 1.759 Thread 0x00000000170b8800 1206       3       java.lang.Integer::stringSize (21 bytes)
Event: 1.759 Thread 0x00000000170b8800 nmethod 1206 0x000000000293acd0 code [0x000000000293ae40, 0x000000000293b050]
Event: 1.760 Thread 0x00000000170b8800 1207       3       java.lang.Integer::getChars (131 bytes)
Event: 1.760 Thread 0x00000000170b8800 nmethod 1207 0x000000000293b150 code [0x000000000293b2e0, 0x000000000293b750]
Event: 1.808 Thread 0x00000000170b8800 1208       3       java.util.concurrent.locks.AbstractQueuedSynchronizer$ConditionObject::await (98 bytes)
Event: 1.810 Thread 0x00000000170b8800 nmethod 1208 0x000000000293bb90 code [0x000000000293be40, 0x000000000293d028]
Event: 1.891 Thread 0x00000000170b8800 1211       1       it.unisa.dia.gas.plaf.jpbc.mm.clt13.parameters.CTL13MMSystemParameters::getDelta (5 bytes)
Event: 1.891 Thread 0x00000000170b8800 nmethod 1211 0x000000000293d810 code [0x000000000293d960, 0x000000000293da70]

GC Heap History (10 events):
Event: 1.520 GC heap before
{Heap before GC invocations=5 (full 0):
 PSYoungGen      total 71680K, used 71648K [0x00000000d5d80000, 0x00000000da880000, 0x0000000100000000)
  eden space 66560K, 100% used [0x00000000d5d80000,0x00000000d9e80000,0x00000000d9e80000)
  from space 5120K, 99% used [0x00000000da380000,0x00000000da878020,0x00000000da880000)
  to   space 5120K, 0% used [0x00000000d9e80000,0x00000000d9e80000,0x00000000da380000)
 ParOldGen       total 87552K, used 8178K [0x0000000081800000, 0x0000000086d80000, 0x00000000d5d80000)
  object space 87552K, 9% used [0x0000000081800000,0x0000000081ffc820,0x0000000086d80000)
 Metaspace       used 7575K, capacity 7804K, committed 7936K, reserved 1056768K
  class space    used 866K, capacity 960K, committed 1024K, reserved 1048576K
Event: 1.527 GC heap after
Heap after GC invocations=5 (full 0):
 PSYoungGen      total 71680K, used 5113K [0x00000000d5d80000, 0x00000000da880000, 0x0000000100000000)
  eden space 66560K, 0% used [0x00000000d5d80000,0x00000000d5d80000,0x00000000d9e80000)
  from space 5120K, 99% used [0x00000000d9e80000,0x00000000da37e6f0,0x00000000da380000)
  to   space 5120K, 0% used [0x00000000da380000,0x00000000da380000,0x00000000da880000)
 ParOldGen       total 87552K, used 8600K [0x0000000081800000, 0x0000000086d80000, 0x00000000d5d80000)
  object space 87552K, 9% used [0x0000000081800000,0x0000000082066080,0x0000000086d80000)
 Metaspace       used 7575K, capacity 7804K, committed 7936K, reserved 1056768K
  class space    used 866K, capacity 960K, committed 1024K, reserved 1048576K
}
Event: 1.628 GC heap before
{Heap before GC invocations=6 (full 0):
 PSYoungGen      total 71680K, used 71669K [0x00000000d5d80000, 0x00000000da880000, 0x0000000100000000)
  eden space 66560K, 99% used [0x00000000d5d80000,0x00000000d9e7ef08,0x00000000d9e80000)
  from space 5120K, 99% used [0x00000000d9e80000,0x00000000da37e6f0,0x00000000da380000)
  to   space 5120K, 0% used [0x00000000da380000,0x00000000da380000,0x00000000da880000)
 ParOldGen       total 87552K, used 8600K [0x0000000081800000, 0x0000000086d80000, 0x00000000d5d80000)
  object space 87552K, 9% used [0x0000000081800000,0x0000000082066080,0x0000000086d80000)
 Metaspace       used 7683K, capacity 7868K, committed 7936K, reserved 1056768K
  class space    used 877K, capacity 960K, committed 1024K, reserved 1048576K
Event: 1.633 GC heap after
Heap after GC invocations=6 (full 0):
 PSYoungGen      total 71680K, used 5115K [0x00000000d5d80000, 0x00000000da880000, 0x0000000100000000)
  eden space 66560K, 0% used [0x00000000d5d80000,0x00000000d5d80000,0x00000000d9e80000)
  from space 5120K, 99% used [0x00000000da380000,0x00000000da87ecf0,0x00000000da880000)
  to   space 5120K, 0% used [0x00000000d9e80000,0x00000000d9e80000,0x00000000da380000)
 ParOldGen       total 87552K, used 9108K [0x0000000081800000, 0x0000000086d80000, 0x00000000d5d80000)
  object space 87552K, 10% used [0x0000000081800000,0x00000000820e5338,0x0000000086d80000)
 Metaspace       used 7683K, capacity 7868K, committed 7936K, reserved 1056768K
  class space    used 877K, capacity 960K, committed 1024K, reserved 1048576K
}
Event: 1.703 GC heap before
{Heap before GC invocations=7 (full 0):
 PSYoungGen      total 71680K, used 71665K [0x00000000d5d80000, 0x00000000da880000, 0x0000000100000000)
  eden space 66560K, 99% used [0x00000000d5d80000,0x00000000d9e7da10,0x00000000d9e80000)
  from space 5120K, 99% used [0x00000000da380000,0x00000000da87ecf0,0x00000000da880000)
  to   space 5120K, 0% used [0x00000000d9e80000,0x00000000d9e80000,0x00000000da380000)
 ParOldGen       total 87552K, used 9108K [0x0000000081800000, 0x0000000086d80000, 0x00000000d5d80000)
  object space 87552K, 10% used [0x0000000081800000,0x00000000820e5338,0x0000000086d80000)
 Metaspace       used 7691K, capacity 7868K, committed 7936K, reserved 1056768K
  class space    used 877K, capacity 960K, committed 1024K, reserved 1048576K
Event: 1.709 GC heap after
Heap after GC invocations=7 (full 0):
 PSYoungGen      total 71680K, used 4064K [0x00000000d5d80000, 0x00000000da880000, 0x0000000100000000)
  eden space 66560K, 0% used [0x00000000d5d80000,0x00000000d5d80000,0x00000000d9e80000)
  from space 5120K, 79% used [0x00000000d9e80000,0x00000000da278000,0x00000000da380000)
  to   space 5120K, 0% used [0x00000000da380000,0x00000000da380000,0x00000000da880000)
 ParOldGen       total 87552K, used 11574K [0x0000000081800000, 0x0000000086d80000, 0x00000000d5d80000)
  object space 87552K, 13% used [0x0000000081800000,0x000000008234db68,0x0000000086d80000)
 Metaspace       used 7691K, capacity 7868K, committed 7936K, reserved 1056768K
  class space    used 877K, capacity 960K, committed 1024K, reserved 1048576K
}
Event: 1.783 GC heap before
{Heap before GC invocations=8 (full 0):
 PSYoungGen      total 71680K, used 70624K [0x00000000d5d80000, 0x00000000da880000, 0x0000000100000000)
  eden space 66560K, 100% used [0x00000000d5d80000,0x00000000d9e80000,0x00000000d9e80000)
  from space 5120K, 79% used [0x00000000d9e80000,0x00000000da278000,0x00000000da380000)
  to   space 5120K, 0% used [0x00000000da380000,0x00000000da380000,0x00000000da880000)
 ParOldGen       total 87552K, used 11574K [0x0000000081800000, 0x0000000086d80000, 0x00000000d5d80000)
  object space 87552K, 13% used [0x0000000081800000,0x000000008234db68,0x0000000086d80000)
 Metaspace       used 7703K, capacity 7868K, committed 7936K, reserved 1056768K
  class space    used 879K, capacity 960K, committed 1024K, reserved 1048576K
Event: 1.788 GC heap after
Heap after GC invocations=8 (full 0):
 PSYoungGen      total 71680K, used 980K [0x00000000d5d80000, 0x00000000da880000, 0x0000000100000000)
  eden space 66560K, 0% used [0x00000000d5d80000,0x00000000d5d80000,0x00000000d9e80000)
  from space 5120K, 19% used [0x00000000da380000,0x00000000da475000,0x00000000da880000)
  to   space 5120K, 0% used [0x00000000d9e80000,0x00000000d9e80000,0x00000000da380000)
 ParOldGen       total 87552K, used 13271K [0x0000000081800000, 0x0000000086d80000, 0x00000000d5d80000)
  object space 87552K, 15% used [0x0000000081800000,0x00000000824f5dc0,0x0000000086d80000)
 Metaspace       used 7703K, capacity 7868K, committed 7936K, reserved 1056768K
  class space    used 879K, capacity 960K, committed 1024K, reserved 1048576K
}
Event: 1.859 GC heap before
{Heap before GC invocations=9 (full 0):
 PSYoungGen      total 71680K, used 67540K [0x00000000d5d80000, 0x00000000da880000, 0x0000000100000000)
  eden space 66560K, 100% used [0x00000000d5d80000,0x00000000d9e80000,0x00000000d9e80000)
  from space 5120K, 19% used [0x00000000da380000,0x00000000da475000,0x00000000da880000)
  to   space 5120K, 0% used [0x00000000d9e80000,0x00000000d9e80000,0x00000000da380000)
 ParOldGen       total 87552K, used 13271K [0x0000000081800000, 0x0000000086d80000, 0x00000000d5d80000)
  object space 87552K, 15% used [0x0000000081800000,0x00000000824f5dc0,0x0000000086d80000)
 Metaspace       used 7704K, capacity 7868K, committed 7936K, reserved 1056768K
  class space    used 879K, capacity 960K, committed 1024K, reserved 1048576K
Event: 1.860 GC heap after
Heap after GC invocations=9 (full 0):
 PSYoungGen      total 71680K, used 592K [0x00000000d5d80000, 0x00000000da880000, 0x0000000100000000)
  eden space 66560K, 0% used [0x00000000d5d80000,0x00000000d5d80000,0x00000000d9e80000)
  from space 5120K, 11% used [0x00000000d9e80000,0x00000000d9f143a0,0x00000000da380000)
  to   space 5120K, 0% used [0x00000000da380000,0x00000000da380000,0x00000000da880000)
 ParOldGen       total 87552K, used 13585K [0x0000000081800000, 0x0000000086d80000, 0x00000000d5d80000)
  object space 87552K, 15% used [0x0000000081800000,0x0000000082544558,0x0000000086d80000)
 Metaspace       used 7704K, capacity 7868K, committed 7936K, reserved 1056768K
  class space    used 879K, capacity 960K, committed 1024K, reserved 1048576K
}

Deoptimization events (10 events):
Event: 0.798 Thread 0x0000000000a2d800 Uncommon trap: reason=class_check action=maybe_recompile pc=0x00000000027873a4 method=java.util.regex.Pattern$Curly.match(Ljava/util/regex/Matcher;ILjava/lang/CharSequence;)Z @ 19
Event: 0.798 Thread 0x0000000000a2d800 Uncommon trap: reason=class_check action=maybe_recompile pc=0x00000000027873a4 method=java.util.regex.Pattern$Curly.match(Ljava/util/regex/Matcher;ILjava/lang/CharSequence;)Z @ 19
Event: 0.860 Thread 0x0000000000a2d800 Uncommon trap: reason=unstable_if action=reinterpret pc=0x000000000274ca98 method=java.lang.ref.SoftReference.get()Ljava/lang/Object; @ 17
Event: 0.860 Thread 0x0000000000a2d800 Uncommon trap: reason=bimorphic action=maybe_recompile pc=0x0000000002758080 method=java.util.regex.Pattern$BmpCharProperty.match(Ljava/util/regex/Matcher;ILjava/lang/CharSequence;)Z @ 16
Event: 0.860 Thread 0x0000000000a2d800 Uncommon trap: reason=bimorphic action=maybe_recompile pc=0x0000000002758080 method=java.util.regex.Pattern$BmpCharProperty.match(Ljava/util/regex/Matcher;ILjava/lang/CharSequence;)Z @ 16
Event: 0.861 Thread 0x0000000000a2d800 Uncommon trap: reason=bimorphic action=maybe_recompile pc=0x0000000002758080 method=java.util.regex.Pattern$BmpCharProperty.match(Ljava/util/regex/Matcher;ILjava/lang/CharSequence;)Z @ 16
Event: 0.861 Thread 0x0000000000a2d800 Uncommon trap: reason=bimorphic action=maybe_recompile pc=0x0000000002758080 method=java.util.regex.Pattern$BmpCharProperty.match(Ljava/util/regex/Matcher;ILjava/lang/CharSequence;)Z @ 16
Event: 1.081 Thread 0x0000000000a2d800 Uncommon trap: reason=unstable_if action=reinterpret pc=0x00000000028c3c20 method=java.math.BigInteger.add([I[I)[I @ 4
Event: 1.302 Thread 0x000000001a433800 Uncommon trap: reason=unstable_if action=reinterpret pc=0x00000000028e7f7c method=java.math.BigInteger.add([I[I)[I @ 29
Event: 1.302 Thread 0x000000001a433800 Uncommon trap: reason=unstable_if action=reinterpret pc=0x00000000028d1acc method=java.math.BigInteger.add([I[I)[I @ 29

Internal exceptions (10 events):
Event: 0.460 Thread 0x0000000000a2d800 Exception <a 'java/security/PrivilegedActionException'> (0x00000000d6976bd8) thrown at [C:\re\workspace\8-2-build-windows-amd64-cygwin\jdk8u111\7883\hotspot\src\share\vm\prims\jvm.cpp, line 1386]
Event: 0.777 Thread 0x0000000000a2d800 Exception <a 'java/lang/NoSuchFieldError': method resolution failed> (0x00000000d6783f70) thrown at [C:\re\workspace\8-2-build-windows-amd64-cygwin\jdk8u111\7883\hotspot\src\share\vm\prims\methodHandles.cpp, line 1146]
Event: 0.779 Thread 0x0000000000a2d800 Exception <a 'java/lang/NoSuchFieldError': method resolution failed> (0x00000000d67916b0) thrown at [C:\re\workspace\8-2-build-windows-amd64-cygwin\jdk8u111\7883\hotspot\src\share\vm\prims\methodHandles.cpp, line 1146]
Event: 0.828 Thread 0x0000000000a2d800 Exception <a 'java/io/FileNotFoundException'> (0x00000000d69ff8a0) thrown at [C:\re\workspace\8-2-build-windows-amd64-cygwin\jdk8u111\7883\hotspot\src\share\vm\prims\jni.cpp, line 709]
Event: 0.828 Thread 0x0000000000a2d800 Exception <a 'java/security/PrivilegedActionException'> (0x00000000d69ffd48) thrown at [C:\re\workspace\8-2-build-windows-amd64-cygwin\jdk8u111\7883\hotspot\src\share\vm\prims\jvm.cpp, line 1386]
Event: 0.843 Thread 0x0000000000a2d800 Exception <a 'java/lang/NoClassDefFoundError': com/sun/jna/Library> (0x00000000d6a57050) thrown at [C:\re\workspace\8-2-build-windows-amd64-cygwin\jdk8u111\7883\hotspot\src\share\vm\classfile\systemDictionary.cpp, line 199]
Event: 0.843 Thread 0x0000000000a2d800 Exception <a 'java/lang/NoClassDefFoundError'> (0x00000000d6a57050) thrown at [C:\re\workspace\8-2-build-windows-amd64-cygwin\jdk8u111\7883\hotspot\src\share\vm\prims\jvm.cpp, line 1390]
Event: 0.845 Thread 0x0000000000a2d800 Exception <a 'java/security/PrivilegedActionException'> (0x00000000d6a6ff98) thrown at [C:\re\workspace\8-2-build-windows-amd64-cygwin\jdk8u111\7883\hotspot\src\share\vm\prims\jvm.cpp, line 1386]
Event: 0.845 Thread 0x0000000000a2d800 Exception <a 'java/security/PrivilegedActionException'> (0x00000000d6a701a8) thrown at [C:\re\workspace\8-2-build-windows-amd64-cygwin\jdk8u111\7883\hotspot\src\share\vm\prims\jvm.cpp, line 1386]
Event: 1.586 Thread 0x0000000000a2d800 Exception <a 'java/lang/ArrayIndexOutOfBoundsException': 4> (0x00000000d854fa80) thrown at [C:\re\workspace\8-2-build-windows-amd64-cygwin\jdk8u111\7883\hotspot\src\share\vm\interpreter\interpreterRuntime.cpp, line 366]

Events (10 events):
Event: 1.845 Thread 0x00000000193fe800 DEOPT PACKING pc=0x00000000029111cf sp=0x000000001bc0ef50
Event: 1.845 Thread 0x00000000193fe800 DEOPT UNPACKING pc=0x00000000025a787f sp=0x000000001bc0ec38 mode 0
Event: 1.846 Thread 0x000000001a5e1800 DEOPT PACKING pc=0x00000000029111cf sp=0x000000001c00eca0
Event: 1.846 Thread 0x000000001a5e1800 DEOPT UNPACKING pc=0x00000000025a787f sp=0x000000001c00e988 mode 0
Event: 1.846 Thread 0x000000001a5e1800 DEOPT PACKING pc=0x00000000029111cf sp=0x000000001c00eca0
Event: 1.846 Thread 0x000000001a5e1800 DEOPT UNPACKING pc=0x00000000025a787f sp=0x000000001c00e988 mode 0
Event: 1.852 Thread 0x0000000000a2d800 DEOPT PACKING pc=0x00000000028bf287 sp=0x000000000245e960
Event: 1.852 Thread 0x0000000000a2d800 DEOPT UNPACKING pc=0x00000000025a787f sp=0x000000000245e660 mode 0
Event: 1.859 Executing VM operation: ParallelGCFailedAllocation
Event: 1.860 Executing VM operation: ParallelGCFailedAllocation done


Dynamic libraries:
0x00007ff781600000 - 0x00007ff781637000 	E:\Softwares\Java\bin\javaw.exe
0x00007ffbaa4c0000 - 0x00007ffbaa681000 	C:\Windows\SYSTEM32\ntdll.dll
0x00007ffbaa0a0000 - 0x00007ffbaa14d000 	C:\Windows\system32\KERNEL32.DLL
0x00007ffba76d0000 - 0x00007ffba78b8000 	C:\Windows\system32\KERNELBASE.dll
0x00007ffba8390000 - 0x00007ffba8437000 	C:\Windows\system32\ADVAPI32.dll
0x00007ffba8440000 - 0x00007ffba84dd000 	C:\Windows\system32\msvcrt.dll
0x00007ffbaa440000 - 0x00007ffbaa49b000 	C:\Windows\system32\sechost.dll
0x00007ffbaa1b0000 - 0x00007ffbaa2cc000 	C:\Windows\system32\RPCRT4.dll
0x00007ffba9d40000 - 0x00007ffba9e96000 	C:\Windows\system32\USER32.dll
0x00007ffba9f10000 - 0x00007ffbaa096000 	C:\Windows\system32\GDI32.dll
0x00007ffb9e820000 - 0x00007ffb9ea94000 	C:\Windows\WinSxS\amd64_microsoft.windows.common-controls_6595b64144ccf1df_6.0.10586.672_none_a2d6b3cea53ff843\COMCTL32.dll
0x00007ffba7da0000 - 0x00007ffba801d000 	C:\Windows\system32\combase.dll
0x00007ffba6dd0000 - 0x00007ffba6e3a000 	C:\Windows\system32\bcryptPrimitives.dll
0x00007ffba8640000 - 0x00007ffba867b000 	C:\Windows\system32\IMM32.DLL
0x0000000064cb0000 - 0x0000000064d82000 	E:\Softwares\Java\jre\bin\msvcr100.dll
0x0000000065810000 - 0x00000000660aa000 	E:\Softwares\Java\jre\bin\server\jvm.dll
0x00007ffba8380000 - 0x00007ffba8388000 	C:\Windows\system32\PSAPI.DLL
0x00007ffb9ed50000 - 0x00007ffb9ed5a000 	C:\Windows\SYSTEM32\VERSION.dll
0x00007ffba5030000 - 0x00007ffba5053000 	C:\Windows\SYSTEM32\WINMM.dll
0x00007ffba3660000 - 0x00007ffba3669000 	C:\Windows\SYSTEM32\WSOCK32.dll
0x00007ffba81e0000 - 0x00007ffba824b000 	C:\Windows\system32\WS2_32.dll
0x00007ffba4fd0000 - 0x00007ffba4ffc000 	C:\Windows\SYSTEM32\WINMMBASE.dll
0x00007ffba7510000 - 0x00007ffba7553000 	C:\Windows\system32\cfgmgr32.dll
0x00000000689d0000 - 0x00000000689df000 	E:\Softwares\Java\jre\bin\verify.dll
0x00000000689a0000 - 0x00000000689c9000 	E:\Softwares\Java\jre\bin\java.dll
0x0000000068980000 - 0x0000000068996000 	E:\Softwares\Java\jre\bin\zip.dll
0x00007ffba87e0000 - 0x00007ffba9d3c000 	C:\Windows\system32\SHELL32.dll
0x00007ffba6ec0000 - 0x00007ffba7505000 	C:\Windows\system32\windows.storage.dll
0x00007ffbaa3e0000 - 0x00007ffbaa432000 	C:\Windows\system32\shlwapi.dll
0x00007ffba6b10000 - 0x00007ffba6b1f000 	C:\Windows\system32\kernel.appcore.dll
0x00007ffba7560000 - 0x00007ffba7615000 	C:\Windows\system32\shcore.dll
0x00007ffba6b20000 - 0x00007ffba6b6b000 	C:\Windows\system32\powrprof.dll
0x00007ffba6af0000 - 0x00007ffba6b04000 	C:\Windows\system32\profapi.dll
0x00000000672d0000 - 0x00000000672f4000 	E:\Softwares\Java\jre\bin\sunec.dll
0x0000000068970000 - 0x000000006897b000 	E:\Softwares\Java\jre\bin\sunmscapi.dll
0x00007ffba6c00000 - 0x00007ffba6dc8000 	C:\Windows\system32\CRYPT32.dll
0x00007ffba6ae0000 - 0x00007ffba6af0000 	C:\Windows\system32\MSASN1.dll
0x0000000068540000 - 0x000000006855a000 	E:\Softwares\Java\jre\bin\net.dll
0x00007ffba6410000 - 0x00007ffba646c000 	C:\Windows\system32\mswsock.dll
0x00007ffba1f00000 - 0x00007ffba1f38000 	C:\Windows\SYSTEM32\IPHLPAPI.DLL
0x00007ffba8020000 - 0x00007ffba8028000 	C:\Windows\system32\NSI.dll
0x00007ffb987a0000 - 0x00007ffb987b6000 	C:\Windows\SYSTEM32\dhcpcsvc6.DLL
0x00007ffb9e350000 - 0x00007ffb9e36a000 	C:\Windows\SYSTEM32\dhcpcsvc.DLL
0x0000000068520000 - 0x0000000068531000 	E:\Softwares\Java\jre\bin\nio.dll
0x00007ffba64c0000 - 0x00007ffba64d7000 	C:\Windows\SYSTEM32\CRYPTSP.dll
0x00007ffba6150000 - 0x00007ffba6184000 	C:\Windows\system32\rsaenh.dll
0x00007ffba66e0000 - 0x00007ffba6709000 	C:\Windows\SYSTEM32\bcrypt.dll
0x00007ffba62a0000 - 0x00007ffba62bf000 	C:\Windows\SYSTEM32\USERENV.dll
0x00007ffba65e0000 - 0x00007ffba65eb000 	C:\Windows\SYSTEM32\CRYPTBASE.dll

VM Arguments:
jvm_args: -Dfile.encoding=Cp1252 
java_command: com.abe.main.Example
java_class_path (initial): E:\Github\ABE\bin;E:\Github\ABE\bcprov-jdk16-1.46.jar;E:\Github\ABE\lib\jpbc-api-2.0.0.jar;E:\Github\ABE\lib\jpbc-benchmark-2.0.0.jar;E:\Github\ABE\lib\jpbc-crypto-2.0.0.jar;E:\Github\ABE\lib\jpbc-mm-2.0.0.jar;E:\Github\ABE\lib\jpbc-pbc-2.0.0.jar;E:\Github\ABE\lib\jpbc-plaf-2.0.0.jar;E:\Github\ABE\lib\jpbc-site-skin-2.0.0.jar;E:\Github\ABE\lib\jpbc-test-2.0.0.jar
Launcher Type: SUN_STANDARD

Environment Variables:
JAVA_HOME=E:\Softwares\Java
CLASSPATH=.;E:\Softwares\DB2x64\java\db2java.zip;E:\Softwares\DB2x64\java\db2jcc.jar;E:\Softwares\DB2x64\java\sqlj.zip;E:\Softwares\DB2x64\java\db2jcc_license_cu.jar;E:\Softwares\DB2x64\bin;E:\Softwares\DB2x64\java\common.jar
PATH=E:/Softwares/Java/bin/../jre/bin/server;E:/Softwares/Java/bin/../jre/bin;E:/Softwares/Java/bin/../jre/lib/amd64;E:\app\Junaid\product\11.2.0\dbhome_2\bin;C:\Program Files (x86)\Intel\iCLS Client\;C:\Program Files\Intel\iCLS Client\;C:\Windows\system32;C:\Windows;C:\Windows\System32\Wbem;C:\Windows\System32\WindowsPowerShell\v1.0\;C:\Program Files (x86)\Intel\Intel(R) Management Engine Components\DAL;C:\Program Files\Intel\Intel(R) Management Engine Components\DAL;C:\Program Files (x86)\Intel\Intel(R) Management Engine Components\IPT;C:\Program Files\Intel\Intel(R) Management Engine Components\IPT;C:\Program Files\Intel\WiFi\bin\;C:\Program Files\Common Files\Intel\WirelessCommon\;E:\Softwares\Java\bin;C:\Program Files\ibm\gsk8\lib64;C:\Program Files (x86)\ibm\gsk8\lib;E:\Softwares\DB2x64\BIN;E:\Softwares\DB2x64\FUNCTION;E:\Softwares\DB2x64\SAMPLES\REPL;E:\Softwares\Git\cmd;C:\Program Files\dotnet\;C:\Program Files\Microsoft SQL Server\Client SDK\ODBC\110\Tools\Binn\;C:\Program Files (x86)\Microsoft SQL Server\120\Tools\Binn\;C:\Program Files\Microsoft SQL Server\120\Tools\Binn\;C:\Program Files\Microsoft SQL Server\120\DTS\Binn\;C:\Program Files (x86)\Microsoft SQL Server\120\Tools\Binn\ManagementStudio\;C:\Program Files (x86)\Microsoft SQL Server\120\DTS\Binn\;C:\Program Files (x86)\Windows Kits\10\Windows Performance Toolkit\;C:\Program Files\Microsoft SQL Server\130\Tools\Binn\;C:\Windows\system32\config\systemprofile\.dnx\bin;C:\Program Files\Microsoft DNX\Dnvm\;C:\Program Files (x86)\Microsoft SQL Server\110\DTS\Binn\;C:\Program Files (x86)\Microsoft SQL Server\130\DTS\Binn\;E:\Softwares\OpenVPN\bin;E:\Softwares\PostgreSQL\pg96\bin;C:\Program Files (x86)\Skype\Phone\;E:\Softwares\apache-maven-3.3.9\bin;C:\Program Files (x86)\nodejs\;C:\Users\Junaid\AppData\Roaming\npm;C:\Windows\System32;
USERNAME=Junaid
OS=Windows_NT
PROCESSOR_IDENTIFIER=Intel64 Family 6 Model 142 Stepping 9, GenuineIntel



---------------  S Y S T E M  ---------------

OS: Windows 10.0 , 64 bit Build 10586 (10.0.10586.589)

CPU:total 4 (2 cores per cpu, 2 threads per core) family 6 model 142 stepping 9, cmov, cx8, fxsr, mmx, sse, sse2, sse3, ssse3, sse4.1, sse4.2, popcnt, avx, avx2, aes, clmul, erms, 3dnowpref, lzcnt, ht, tsc, tscinvbit, bmi1, bmi2, adx

Memory: 4k page, physical 8283792k(1464136k free), swap 8283792k(24044k free)

vm_info: Java HotSpot(TM) 64-Bit Server VM (25.111-b14) for windows-amd64 JRE (1.8.0_111-b14), built on Sep 22 2016 19:24:05 by "java_re" with MS VC++ 10.0 (VS2010)

time: Fri Apr 21 22:55:26 2017
elapsed time: 1 seconds (0d 0h 0m 1s)

