JvmtiExport can_access_local_variables 0
JvmtiExport can_hotswap_or_post_breakpoint 0
JvmtiExport can_post_on_exceptions 0
# 159 ciObject found
ciMethod java/lang/Object <init> ()V 4097 1 139828 0 0
ciMethod java/lang/System arraycopy (Ljava/lang/Object;ILjava/lang/Object;II)V 6145 1 768 0 -1
ciMethod java/lang/StringBuilder <init> ()V 801 1 5762 0 -1
ciMethod java/lang/StringBuilder append (Ljava/lang/String;)Ljava/lang/StringBuilder; 1337 1 10982 0 -1
ciMethod java/lang/StringBuilder append (I)Ljava/lang/StringBuilder; 0 0 148 0 -1
ciMethod java/lang/StringBuilder toString ()Ljava/lang/String; 801 1 6745 0 -1
ciMethod java/lang/Number <init> ()V 3073 1 7595 0 32
ciMethod java/lang/Math max (II)I 4097 1 17822 0 -1
ciMethod java/lang/Math min (II)I 4097 1 90833 0 -1
ciMethod java/util/Arrays copyOfRange ([III)[I 1545 1 2553 0 0
ciMethodData java/lang/Object <init> ()V 2 139831 orig 264 72 34 223 101 0 0 0 0 128 4 124 22 0 0 0 0 32 1 0 0 0 0 0 0 0 0 0 0 0 0 0 0 0 0 0 0 0 0 0 0 0 0 0 0 0 0 0 0 0 0 0 0 0 0 0 0 0 0 0 0 0 0 0 0 0 0 0 0 0 0 0 0 0 0 0 0 0 0 0 0 77 68 79 32 101 120 116 114 97 32 100 97 116 97 32 108 111 99 107 0 0 0 0 0 0 0 0 0 0 0 0 0 0 0 0 0 0 0 0 0 0 0 0 0 0 0 0 0 0 0 0 0 0 0 0 0 0 0 0 0 0 0 0 0 0 0 0 0 0 0 0 0 0 0 0 0 0 0 0 0 0 0 0 0 0 0 0 0 0 0 0 0 0 0 0 0 0 0 0 0 0 0 0 0 1 0 0 0 0 0 0 0 1 0 0 0 0 0 0 0 1 0 0 0 0 0 0 0 0 0 0 0 0 0 0 0 0 2 0 0 185 1 17 0 1 0 0 0 0 0 0 0 0 0 0 0 2 0 0 0 0 0 3 0 1 0 0 0 0 0 0 0 255 255 255 255 0 0 0 0 0 0 0 0 data 0 oops 0
ciMethod java/lang/IllegalArgumentException <init> (Ljava/lang/String;)V 0 0 1 0 -1
ciMethod java/math/BigInteger <init> ([II)V 2065 1 5661 0 160
ciMethod java/math/BigInteger checkRange ()V 0 0 1 0 -1
ciMethod java/math/BigInteger reportOverflow ()V 0 0 1 0 -1
ciMethod java/math/BigInteger add (Ljava/math/BigInteger;)Ljava/math/BigInteger; 2113 1 8881 0 0
ciMethod java/math/BigInteger add ([I[I)[I 129 492113 66 0 1760
ciMethod java/math/BigInteger subtract (Ljava/math/BigInteger;)Ljava/math/BigInteger; 2073 1 5821 0 0
ciMethod java/math/BigInteger subtract ([I[I)[I 617 149833 1617 0 992
ciMethod java/math/BigInteger multiply (Ljava/math/BigInteger;)Ljava/math/BigInteger; 2153 1 6141 0 0
ciMethod java/math/BigInteger multiplyByInt ([III)Ljava/math/BigInteger; 9 1 1 0 -1
ciMethod java/math/BigInteger multiplyToLen ([II[II[I)[I 489 497625 241 0 -1
ciMethod java/math/BigInteger multiplyKaratsuba (Ljava/math/BigInteger;Ljava/math/BigInteger;)Ljava/math/BigInteger; 489 1 1583 0 0
ciMethod java/math/BigInteger multiplyToomCook3 (Ljava/math/BigInteger;Ljava/math/BigInteger;)Ljava/math/BigInteger; 137 1 221 0 -1
ciMethod java/math/BigInteger getToomSlice (IIII)Ljava/math/BigInteger; 2065 1 1638 0 -1
ciMethod java/math/BigInteger exactDivideBy3 ()Ljava/math/BigInteger; 809 295153 273 0 -1
ciMethod java/math/BigInteger getLower (I)Ljava/math/BigInteger; 2097 1 3176 0 0
ciMethod java/math/BigInteger getUpper (I)Ljava/math/BigInteger; 3089 1 3176 0 0
ciMethod java/math/BigInteger square ()Ljava/math/BigInteger; 0 0 1 0 -1
ciMethod java/math/BigInteger abs ()Ljava/math/BigInteger; 0 0 1 0 -1
ciMethod java/math/BigInteger negate ()Ljava/math/BigInteger; 89 1 105 0 0
ciMethod java/math/BigInteger shiftLeft (I)Ljava/math/BigInteger; 2073 1 4717 0 0
ciMethod java/math/BigInteger shiftLeft ([II)[I 1121 48433 1803 0 1856
ciMethod java/math/BigInteger shiftRight (I)Ljava/math/BigInteger; 2049 1 550 0 -1
ciMethod java/math/BigInteger shiftRightImpl (I)Ljava/math/BigInteger; 265 123681 276 0 -1
ciMethod java/math/BigInteger compareMagnitude (Ljava/math/BigInteger;)I 1417 753 6249 0 0
ciMethod java/math/BigInteger trustedStripLeadingZeroInts ([I)[I 1729 1297 6805 0 512
ciMethodData java/lang/Number <init> ()V 2 7595 orig 264 72 34 223 101 0 0 0 0 104 213 133 22 0 0 0 0 48 1 0 0 0 0 0 0 0 0 0 0 0 0 0 0 0 0 0 0 0 0 0 0 0 0 0 0 0 0 0 0 0 0 0 0 0 0 0 0 0 0 0 0 0 0 0 0 0 0 0 0 0 0 0 0 0 0 0 0 0 0 0 0 77 68 79 32 101 120 116 114 97 32 100 97 116 97 32 108 111 99 107 0 0 0 0 0 0 0 0 0 0 0 0 0 0 0 0 0 0 0 0 0 0 0 0 0 0 0 0 0 0 0 0 0 0 0 0 0 0 0 0 0 0 0 0 0 0 0 0 0 0 0 0 0 0 0 0 0 0 0 0 0 0 0 0 0 0 0 0 0 0 0 0 0 0 0 0 0 0 0 0 0 0 0 0 0 0 0 0 0 0 0 0 0 0 0 0 0 0 0 0 0 0 0 0 0 0 0 0 0 0 0 0 0 0 0 0 0 128 1 0 0 89 225 0 0 1 0 0 0 0 0 0 0 0 0 0 0 2 0 0 0 0 0 3 0 2 0 0 0 16 0 0 0 255 255 255 255 2 0 1 0 0 0 0 0 data 2 0x10002 0x1c2b oops 0
ciMethodData java/math/BigInteger trustedStripLeadingZeroInts ([I)[I 2 6805 orig 264 72 34 223 101 0 0 0 0 248 176 170 22 0 0 0 0 232 1 0 0 120 0 0 0 0 0 0 0 0 0 0 0 0 0 0 0 0 0 0 0 0 0 0 0 0 0 0 0 0 0 0 0 0 0 0 0 0 0 0 0 0 0 0 0 0 0 0 0 0 0 0 0 0 0 0 0 0 0 0 0 77 68 79 32 101 120 116 114 97 32 100 97 116 97 32 108 111 99 107 0 0 0 0 0 0 0 0 0 0 0 0 0 0 0 0 0 0 0 0 0 0 0 0 0 0 0 0 0 0 0 0 0 0 0 0 0 0 0 0 0 0 0 0 0 0 0 0 0 0 0 0 0 0 0 0 0 0 0 0 0 0 0 0 0 0 0 0 0 0 0 0 0 0 0 0 0 0 0 0 0 0 0 0 0 0 0 0 0 0 0 0 0 0 0 0 0 0 0 0 0 0 0 0 0 0 0 0 0 0 0 0 0 0 0 0 0 216 0 0 0 233 205 0 0 161 29 0 0 0 0 0 0 0 0 0 0 2 0 0 0 1 0 12 0 2 0 0 0 160 0 0 0 255 255 255 255 7 0 7 0 0 0 0 0 data 20 0x70007 0xd 0x58 0x1d64 0xd0007 0x19b0 0x38 0x3b4 0x130003 0x3b4 0xffffffffffffffc0 0x170007 0x312 0x38 0x16ab 0x1b0003 0x16ab 0x28 0x210002 0x312 oops 0
ciMethodData java/math/BigInteger checkRange ()V 1 0 orig 264 72 34 223 101 0 0 0 0 216 70 170 22 0 0 0 0 184 1 0 0 96 0 0 0 0 0 0 0 0 0 0 0 0 0 0 0 0 0 0 0 0 0 0 0 0 0 0 0 0 0 0 0 0 0 0 0 0 0 0 0 0 0 0 0 0 0 0 0 0 0 0 0 0 0 0 0 0 0 0 0 77 68 79 32 101 120 116 114 97 32 100 97 116 97 32 108 111 99 107 0 0 0 0 0 0 0 0 0 0 0 0 0 0 0 0 0 0 0 0 0 0 0 0 0 0 0 0 0 0 0 0 0 0 0 0 0 0 0 0 0 0 0 0 0 0 0 0 0 0 0 0 0 0 0 0 0 0 0 0 0 0 0 0 0 0 0 0 0 0 0 0 0 0 0 0 0 0 0 0 0 0 0 0 0 0 0 0 0 0 0 0 0 0 0 0 0 0 0 0 0 0 0 0 0 0 0 0 0 0 0 0 0 0 0 0 0 0 0 0 0 1 0 0 0 1 0 0 0 0 0 0 0 0 0 0 0 2 0 0 0 0 0 0 0 0 0 0 0 112 0 0 0 255 255 255 255 7 0 7 0 0 0 0 0 data 14 0x70007 0x0 0x60 0x0 0x110007 0x0 0x50 0x0 0x1a0007 0x0 0x30 0x0 0x1d0002 0x0 oops 0
ciMethodData java/util/Arrays copyOfRange ([III)[I 2 2553 orig 264 72 34 223 101 0 0 0 0 112 102 143 22 0 0 0 0 120 2 0 0 240 0 0 0 0 0 0 0 0 0 0 0 0 0 0 0 0 0 0 0 0 0 0 0 0 0 0 0 0 0 0 0 0 0 0 0 0 0 0 0 0 0 0 0 0 0 0 0 0 0 0 0 0 0 0 0 0 0 0 0 77 68 79 32 101 120 116 114 97 32 100 97 116 97 32 108 111 99 107 0 0 0 0 0 0 0 0 0 0 0 0 0 0 0 0 0 0 0 0 0 0 0 0 0 0 0 0 0 0 0 0 0 0 0 0 0 0 0 0 0 0 0 0 0 0 0 0 0 0 0 0 0 0 0 0 0 0 0 0 0 0 0 0 0 0 0 0 0 0 0 0 0 0 0 0 0 0 0 0 0 0 0 0 0 0 0 0 0 0 0 0 0 0 0 0 0 0 0 0 0 0 0 0 0 0 0 0 0 0 0 0 0 0 0 0 0 192 0 0 0 193 73 0 0 1 0 0 0 0 0 0 0 0 0 0 0 2 0 0 0 0 0 9 0 2 0 0 0 32 1 0 0 255 255 255 255 7 0 5 0 0 0 0 0 data 36 0x50007 0x938 0x100 0x0 0x100002 0x0 0x140005 0x0 0x0 0x0 0x0 0x0 0x190005 0x0 0x0 0x0 0x0 0x0 0x1d0005 0x0 0x0 0x0 0x0 0x0 0x200005 0x0 0x0 0x0 0x0 0x0 0x230002 0x0 0x360002 0x938 0x390002 0x938 oops 0
ciMethodData java/math/BigInteger add ([I[I)[I 2 246719 orig 264 72 34 223 101 0 0 0 0 80 79 170 22 0 0 0 0 16 3 0 0 0 0 0 0 0 0 0 0 0 0 0 0 0 0 0 0 0 0 0 0 0 0 0 0 0 0 0 0 0 0 0 0 0 0 0 0 0 0 0 0 0 0 0 0 0 0 0 0 0 0 0 0 0 0 0 0 0 0 0 0 77 68 79 32 101 120 116 114 97 32 100 97 116 97 32 108 111 99 107 0 0 0 0 0 0 0 0 0 0 0 0 0 0 0 0 0 0 0 0 0 0 0 0 0 0 0 0 0 0 0 0 0 0 0 0 0 0 0 0 0 0 0 0 0 0 0 0 0 0 0 0 0 0 0 0 0 0 0 0 0 0 0 0 0 0 0 0 0 0 0 0 0 0 0 0 0 0 0 0 1 0 0 0 0 0 0 0 0 0 0 0 0 0 0 0 0 0 0 0 0 0 0 0 0 0 0 0 0 0 0 0 0 0 0 0 0 155 239 0 0 145 1 0 0 169 155 22 0 50 0 0 0 62 211 2 0 2 0 0 0 3 0 28 0 2 0 0 0 192 1 0 0 255 255 255 255 7 224 4 0 0 0 0 0 data 56 0x4e007 0x32 0x20 0x1 0x1d0007 0x33 0x38 0x0 0x3d0003 0x0 0x50 0x410007 0x2f 0x38 0x2cfd1 0x6a0003 0x2cfd1 0xffffffffffffffe0 0x740007 0x2f 0x38 0x0 0x780003 0x0 0x18 0x7f0007 0x2e 0x90 0x1 0x840007 0x1 0x70 0x0 0x940007 0x0 0x38 0x0 0x980003 0x0 0x18 0x9e0003 0x0 0xffffffffffffff88 0xa20007 0x2f 0x38 0x1 0xaf0003 0x1 0xffffffffffffffe0 0xb40007 0x2f 0x30 0x0 0xc90002 0x0 oops 0
ciMethodData java/math/BigInteger <init> ([II)V 2 5661 orig 264 72 34 223 101 0 0 0 0 104 69 170 22 0 0 0 0 168 1 0 0 48 0 0 0 0 0 0 0 0 0 0 0 0 0 0 0 0 0 0 0 0 0 0 0 0 0 0 0 0 0 0 0 0 0 0 0 0 0 0 0 0 0 0 0 0 0 0 0 0 0 0 0 0 0 0 0 0 0 0 0 77 68 79 32 101 120 116 114 97 32 100 97 116 97 32 108 111 99 107 0 0 0 0 0 0 0 0 0 0 0 0 0 0 0 0 0 0 0 0 0 0 0 0 0 0 0 0 0 0 0 0 0 0 0 0 0 0 0 0 0 0 0 0 0 0 0 0 0 0 0 0 0 0 0 0 0 0 0 0 0 0 0 0 0 0 0 0 0 0 0 0 0 0 0 0 0 0 0 0 0 0 0 0 0 0 0 0 0 0 0 0 0 0 0 0 0 0 0 0 0 0 0 0 0 0 0 0 0 0 0 0 0 0 0 0 0 2 1 0 0 217 168 0 0 1 0 0 0 0 0 0 0 0 0 0 0 2 0 0 0 0 0 17 0 2 0 0 0 120 0 0 0 255 255 255 255 2 0 1 0 0 0 0 0 data 15 0x10002 0x151b 0x70007 0x151b 0x38 0x0 0xb0003 0x0 0x18 0x1e0007 0x151b 0x30 0x0 0x220002 0x0 oops 0
ciMethodData java/math/BigInteger add (Ljava/math/BigInteger;)Ljava/math/BigInteger; 2 9723 orig 264 72 34 223 101 0 0 0 0 240 74 170 22 0 0 0 0 208 2 0 0 96 0 0 0 0 0 0 0 0 0 0 0 0 0 0 0 0 0 0 0 0 0 0 0 0 0 0 0 0 0 0 0 0 0 0 0 0 0 0 0 0 0 0 0 0 0 0 0 0 0 0 0 0 0 0 0 0 0 0 0 77 68 79 32 101 120 116 114 97 32 100 97 116 97 32 108 111 99 107 0 0 0 0 0 0 0 0 0 0 0 0 0 0 0 0 0 0 0 0 0 0 0 0 0 0 0 0 0 0 0 0 0 0 0 0 0 0 0 0 0 0 0 0 0 1 0 0 0 0 0 0 0 0 0 0 0 0 0 0 0 0 0 0 0 0 0 0 0 0 0 0 0 0 0 0 0 0 0 0 0 0 0 0 0 0 0 0 0 0 0 0 0 0 0 0 0 0 0 0 0 0 0 0 0 0 0 0 0 0 0 0 0 0 0 0 0 8 1 0 0 137 39 1 0 1 0 0 0 130 33 0 0 0 0 0 0 2 0 0 0 0 0 17 0 2 0 0 0 128 1 0 0 255 255 255 255 7 0 4 0 0 0 0 0 data 48 0x40007 0x24f2 0x20 0x0 0xd0007 0x24f0 0x20 0x2 0x1a0007 0x0 0x40 0x24f0 0x290002 0x24f0 0x300002 0x24f0 0x360005 0x0 0x0 0x0 0x0 0x0 0x3b0007 0x0 0x20 0x0 0x430007 0x0 0x48 0x0 0x4e0002 0x0 0x510003 0x0 0x28 0x5c0002 0x0 0x610002 0x0 0x6f0007 0x0 0x38 0x0 0x730003 0x0 0x18 0x770002 0x0 oops 0
ciMethodData java/math/BigInteger compareMagnitude (Ljava/math/BigInteger;)I 2 6765 orig 264 72 34 223 101 0 0 0 0 216 159 170 22 0 0 0 0 0 2 0 0 32 0 0 0 0 0 0 0 0 0 0 0 0 0 0 0 0 0 0 0 0 0 0 0 0 0 0 0 0 0 0 0 0 0 0 0 0 0 0 0 0 0 0 0 0 0 0 0 0 0 0 0 0 0 0 0 0 0 0 0 77 68 79 32 101 120 116 114 97 32 100 97 116 97 32 108 111 99 107 0 0 0 0 0 0 0 0 0 0 0 0 0 0 0 0 0 0 0 0 0 0 0 0 0 0 0 0 0 0 0 0 0 0 0 0 0 0 0 0 0 0 0 0 0 0 0 0 0 0 0 0 0 0 0 0 0 0 0 0 0 0 0 0 0 0 0 0 0 0 0 0 0 0 0 0 0 0 0 0 0 0 0 0 0 0 0 0 0 0 0 0 0 0 0 0 0 0 0 0 0 0 0 0 0 0 0 0 0 0 0 0 0 0 0 0 0 177 0 0 0 225 205 0 0 233 27 0 0 0 0 0 0 0 0 0 0 2 0 0 0 1 0 15 0 2 0 0 0 208 0 0 0 255 255 255 255 7 0 22 0 0 0 0 0 data 26 0x160007 0x19bc 0x20 0x0 0x1e0007 0xdd2 0x20 0xbea 0x290007 0x0 0x90 0x114f 0x3d0007 0x37d 0x58 0xdd2 0x4f0007 0xd14 0x38 0xbe 0x530003 0xbe 0x18 0x5b0003 0x37d 0xffffffffffffff88 oops 0
ciMethodData java/math/BigInteger subtract ([I[I)[I 2 336287 orig 264 72 34 223 101 0 0 0 0 48 84 170 22 0 0 0 0 104 2 0 0 32 0 0 0 0 0 0 0 0 0 0 0 0 0 0 0 0 0 0 0 0 0 0 0 0 0 0 0 0 0 0 0 0 0 0 0 0 0 0 0 0 0 0 0 0 0 0 0 0 0 0 0 0 0 0 0 0 0 0 0 77 68 79 32 101 120 116 114 97 32 100 97 116 97 32 108 111 99 107 0 0 0 0 0 0 0 0 0 0 0 0 0 0 0 0 0 0 0 0 0 0 0 0 0 0 0 0 0 0 0 0 0 0 0 0 0 0 0 0 0 0 0 0 0 0 0 0 0 0 0 0 0 0 0 0 0 0 0 0 0 0 0 0 0 0 0 0 0 0 0 0 0 0 0 0 0 0 0 0 0 0 0 0 0 0 0 0 0 0 0 0 0 0 0 0 0 0 0 0 0 0 0 0 0 0 0 0 0 0 0 0 0 0 0 0 0 41 73 0 0 33 48 0 0 177 195 38 0 0 0 0 0 0 0 0 0 2 0 0 0 3 0 20 0 2 0 0 0 56 1 0 0 255 255 255 255 7 0 16 0 0 0 0 0 data 39 0x100007 0x604 0x38 0x4d3dd 0x390003 0x4d3dd 0xffffffffffffffe0 0x430007 0x52a 0x38 0xda 0x470003 0xda 0x18 0x4e0007 0x3ca 0x90 0x314 0x530007 0x23a 0x70 0xda 0x630007 0xda 0x38 0x0 0x670003 0x0 0x18 0x6d0003 0xda 0xffffffffffffff88 0x710007 0x604 0x38 0x3b2 0x7d0003 0x3b2 0xffffffffffffffe0 oops 0
ciMethodData java/math/BigInteger shiftLeft ([II)[I 2 59331 orig 264 72 34 223 101 0 0 0 0 48 143 170 22 0 0 0 0 8 2 0 0 104 0 0 0 0 0 0 0 0 0 0 0 0 0 0 0 0 0 0 0 0 0 0 0 0 0 0 0 0 0 0 0 0 0 0 0 0 0 0 0 0 0 0 0 0 0 0 0 0 0 0 0 0 0 0 0 0 0 0 0 77 68 79 32 101 120 116 114 97 32 100 97 116 97 32 108 111 99 107 0 0 0 0 0 0 0 0 0 0 0 0 0 0 0 0 0 0 0 0 0 0 0 0 0 0 0 0 0 0 0 0 0 0 0 0 0 0 0 0 0 0 0 0 0 0 0 0 0 0 0 0 0 0 0 0 0 0 0 0 0 0 0 0 0 0 0 0 0 0 0 0 0 0 0 0 0 0 0 0 0 0 0 0 0 0 0 0 0 0 0 0 0 0 0 0 0 0 0 0 0 0 0 0 0 0 0 0 0 0 0 0 0 0 0 0 0 166 23 0 0 249 51 0 0 233 128 6 0 0 0 0 0 0 0 0 0 2 0 0 0 1 0 12 0 2 0 0 0 184 0 0 0 255 255 255 255 7 0 17 0 0 0 0 0 data 23 0x110007 0xe5 0x48 0x59a 0x230002 0x59a 0x260003 0x59a 0x88 0x3c0007 0x9f 0x38 0x46 0x530003 0x46 0x18 0x670007 0xe5 0x38 0xd01d 0x830003 0xd01d 0xffffffffffffffe0 oops 0
ciMethodData java/math/BigInteger subtract (Ljava/math/BigInteger;)Ljava/math/BigInteger; 2 6700 orig 264 72 34 223 101 0 0 0 0 16 83 170 22 0 0 0 0 0 3 0 0 160 1 0 0 0 0 0 0 0 0 0 0 0 0 0 0 0 0 0 0 0 0 0 0 0 0 0 0 0 0 0 0 0 0 0 0 0 0 0 0 0 0 0 0 0 0 0 0 0 0 0 0 0 0 0 0 0 0 0 0 77 68 79 32 101 120 116 114 97 32 100 97 116 97 32 108 111 99 107 0 0 0 0 0 0 0 0 0 0 0 0 0 0 0 0 0 0 0 0 0 0 0 0 0 0 0 0 0 0 0 0 0 0 0 0 0 0 0 0 0 0 0 0 0 0 0 0 0 0 0 0 0 0 0 0 0 0 0 0 0 0 0 0 0 0 0 0 0 0 0 0 0 0 0 0 0 0 0 0 0 0 0 0 0 0 0 0 0 0 0 0 0 0 0 0 0 0 0 0 0 0 0 0 0 0 0 0 0 0 0 0 0 0 0 0 0 3 1 0 0 65 201 0 0 1 0 0 0 0 0 0 0 0 0 0 0 2 0 0 0 0 0 17 0 2 0 0 0 176 1 0 0 255 255 255 255 7 0 4 0 0 0 0 0 data 54 0x40007 0x1928 0x20 0x0 0xd0007 0x1928 0x50 0x0 0x110005 0x0 0x0 0x0 0x0 0x0 0x1d0007 0x185a 0x40 0xce 0x2c0002 0xce 0x330002 0xce 0x390005 0x1a 0x1938c540 0x1840 0x0 0x0 0x3e0007 0x185a 0x20 0x0 0x460007 0xb1 0x48 0x17a9 0x510002 0x17a9 0x540003 0x17a9 0x28 0x5f0002 0xb1 0x640002 0x185a 0x720007 0xb1 0x38 0x17a9 0x760003 0x17a9 0x18 0x7a0002 0x185a oops 1 24 java/math/BigInteger
ciMethodData java/math/BigInteger negate ()Ljava/math/BigInteger; 1 164 orig 264 72 34 223 101 0 0 0 0 96 119 170 22 0 0 0 0 48 1 0 0 0 0 0 0 0 0 0 0 0 0 0 0 0 0 0 0 0 0 0 0 0 0 0 0 0 0 0 0 0 0 0 0 0 0 0 0 0 0 0 0 0 0 0 0 0 0 0 0 0 0 0 0 0 0 0 0 0 0 0 0 77 68 79 32 101 120 116 114 97 32 100 97 116 97 32 108 111 99 107 0 0 0 0 0 0 0 0 0 0 0 0 0 0 0 0 0 0 0 0 0 0 0 0 0 0 0 0 0 0 0 0 0 0 0 0 0 0 0 0 0 0 0 0 0 0 0 0 0 0 0 0 0 0 0 0 0 0 0 0 0 0 0 0 0 0 0 0 0 0 0 0 0 0 0 0 0 0 0 0 0 0 0 0 0 0 0 0 0 0 0 0 0 0 0 0 0 0 0 0 0 0 0 0 0 0 0 0 0 0 0 0 0 0 0 0 0 11 0 0 0 201 4 0 0 1 0 0 0 0 0 0 0 0 0 0 0 2 0 0 0 0 0 0 0 0 0 0 0 16 0 0 0 255 255 255 255 2 0 13 0 0 0 0 0 data 2 0xd0002 0x99 oops 0
ciMethodData java/math/BigInteger multiply (Ljava/math/BigInteger;)Ljava/math/BigInteger; 2 6141 orig 264 72 34 223 101 0 0 0 0 144 85 170 22 0 0 0 0 72 3 0 0 216 1 0 0 0 0 0 0 0 0 0 0 0 0 0 0 0 0 0 0 0 0 0 0 0 0 0 0 0 0 0 0 0 0 0 0 0 0 0 0 0 0 0 0 0 0 0 0 0 0 0 0 0 0 0 0 0 0 0 0 77 68 79 32 101 120 116 114 97 32 100 97 116 97 32 108 111 99 107 0 0 0 0 0 0 0 0 0 0 0 0 0 0 0 0 0 0 0 0 0 0 0 0 0 0 0 0 0 0 0 0 0 0 0 0 0 0 0 0 0 0 0 0 0 0 0 0 0 0 0 0 0 0 0 0 0 0 0 0 0 0 0 0 0 0 0 0 0 0 0 0 0 0 0 0 0 0 0 0 0 0 0 0 0 0 0 0 0 0 0 0 0 0 0 0 0 0 0 0 0 0 0 0 0 0 0 0 0 0 0 0 0 0 0 0 0 13 1 0 0 129 183 0 0 1 0 0 0 0 0 0 0 0 0 0 0 2 0 0 0 0 0 30 0 2 0 0 0 248 1 0 0 255 255 255 255 7 0 4 0 0 0 0 0 data 63 0x40007 0x0 0x40 0x16f0 0xb0007 0x16f0 0x20 0x0 0x1a0007 0x16f0 0x50 0x0 0x200007 0x0 0x30 0x0 0x240002 0x0 0x310007 0x1031 0x40 0x6bf 0x370007 0x6bf 0xe8 0x0 0x420007 0x0 0x38 0x1031 0x460003 0x1031 0x18 0x520007 0x1031 0x30 0x0 0x610002 0x0 0x6b0007 0x1031 0x30 0x0 0x7a0002 0x0 0x890002 0x1031 0x900002 0x1031 0x9d0002 0x1031 0xa50007 0xcd 0x50 0x5f2 0xac0007 0x0 0x30 0x5f2 0xb10002 0x5f2 0xb70002 0xcd oops 0
ciMethodData java/math/BigInteger multiplyKaratsuba (Ljava/math/BigInteger;Ljava/math/BigInteger;)Ljava/math/BigInteger; 2 1589 orig 264 72 34 223 101 0 0 0 0 96 91 170 22 0 0 0 0 0 4 0 0 0 0 0 0 0 0 0 0 0 0 0 0 0 0 0 0 0 0 0 0 0 0 0 0 0 0 0 0 0 0 0 0 0 0 0 0 0 0 0 0 0 0 0 0 0 0 0 0 0 0 0 0 0 0 0 0 0 0 0 0 77 68 79 32 101 120 116 114 97 32 100 97 116 97 32 108 111 99 107 0 0 0 0 0 0 0 0 0 0 0 0 0 0 0 0 0 0 0 0 0 0 0 0 0 0 0 0 0 0 0 0 0 0 0 0 0 0 0 0 0 0 0 0 0 0 0 0 0 0 0 0 0 0 0 0 0 0 0 0 0 0 0 0 0 0 0 0 0 0 0 0 0 0 0 0 0 0 0 0 0 0 0 0 0 0 0 0 0 0 0 0 0 0 0 0 0 0 0 0 0 0 0 0 0 0 0 0 0 0 0 0 0 0 0 0 0 60 0 0 0 193 47 0 0 1 0 0 0 0 0 0 0 0 0 0 0 2 0 0 0 0 0 9 0 2 0 0 0 176 2 0 0 255 255 255 255 2 0 14 0 0 0 0 0 data 86 0xe0002 0x5f8 0x1a0002 0x5f8 0x220002 0x5f8 0x2a0002 0x5f8 0x320002 0x5f8 0x3b0005 0x0 0x1938c540 0x5f8 0x0 0x0 0x440005 0x0 0x1938c540 0x5f8 0x0 0x0 0x4d0005 0x0 0x1938c540 0x5f8 0x0 0x0 0x540005 0x0 0x1938c540 0x5f8 0x0 0x0 0x570005 0x0 0x1938c540 0x5f8 0x0 0x0 0x630005 0x0 0x1938c540 0x5f7 0x0 0x0 0x6a0005 0x0 0x1938c540 0x5f7 0x0 0x0 0x6f0005 0x0 0x1938c540 0x5f7 0x0 0x0 0x720005 0x0 0x1938c540 0x5f7 0x0 0x0 0x7a0005 0x0 0x1938c540 0x5f7 0x0 0x0 0x7f0005 0x0 0x1938c540 0x5f7 0x0 0x0 0x8c0007 0x5a6 0x50 0x51 0x910005 0x0 0x1938c540 0x51 0x0 0x0 oops 12 12 java/math/BigInteger 18 java/math/BigInteger 24 java/math/BigInteger 30 java/math/BigInteger 36 java/math/BigInteger 42 java/math/BigInteger 48 java/math/BigInteger 54 java/math/BigInteger 60 java/math/BigInteger 66 java/math/BigInteger 72 java/math/BigInteger 82 java/math/BigInteger
ciMethodData java/math/BigInteger multiplyToomCook3 (Ljava/math/BigInteger;Ljava/math/BigInteger;)Ljava/math/BigInteger; 1 364 orig 264 72 34 223 101 0 0 0 0 152 93 170 22 0 0 0 0 224 8 0 0 0 0 0 0 0 0 0 0 0 0 0 0 0 0 0 0 0 0 0 0 0 0 0 0 0 0 0 0 0 0 0 0 0 0 0 0 0 0 0 0 0 0 0 0 0 0 0 0 0 0 0 0 0 0 0 0 0 0 0 0 77 68 79 32 101 120 116 114 97 32 100 97 116 97 32 108 111 99 107 0 0 0 0 0 0 0 0 0 0 0 0 0 0 0 0 0 0 0 0 0 0 0 0 0 0 0 0 0 0 0 0 0 0 0 0 0 0 0 0 0 0 0 0 0 0 0 0 0 0 0 0 0 0 0 0 0 0 0 0 0 0 0 0 0 0 0 0 0 0 0 0 0 0 0 0 0 0 0 0 0 0 0 0 0 0 0 0 0 0 0 0 0 0 0 0 0 0 0 0 0 0 0 0 0 0 0 0 0 0 0 0 0 0 0 0 0 17 0 0 0 217 10 0 0 1 0 0 0 0 0 0 0 0 0 0 0 2 0 0 0 0 0 9 0 2 0 0 0 144 7 0 0 255 255 255 255 2 0 14 0 0 0 0 0 data 242 0xe0002 0x15b 0x2c0002 0x15b 0x390002 0x15b 0x460002 0x15b 0x530002 0x15b 0x600002 0x15b 0x6d0002 0x15b 0x760005 0x0 0x1938c540 0x15b 0x0 0x0 0x7f0005 0x0 0x1938c540 0x15b 0x0 0x0 0x880005 0x0 0x1938c540 0x15b 0x0 0x0 0x910005 0x0 0x1938c540 0x15b 0x0 0x0 0x980005 0x0 0x1938c540 0x15b 0x0 0x0 0x9b0005 0x0 0x1938c540 0x15b 0x0 0x0 0xa40005 0x0 0x1938c540 0x15b 0x0 0x0 0xad0005 0x0 0x1938c540 0x15b 0x0 0x0 0xb60005 0x0 0x1938c540 0x15b 0x0 0x0 0xbf0005 0x0 0x1938c540 0x15b 0x0 0x0 0xc30005 0x0 0x1938c540 0x15b 0x0 0x0 0xc80005 0x0 0x1938c540 0x15b 0x0 0x0 0xcf0005 0x0 0x1938c540 0x15b 0x0 0x0 0xd30005 0x0 0x1938c540 0x15b 0x0 0x0 0xd80005 0x0 0x1938c540 0x15b 0x0 0x0 0xdb0005 0x0 0x1938c540 0x15b 0x0 0x0 0xe40005 0x0 0x1938c540 0x15b 0x0 0x0 0xed0005 0x0 0x1938c540 0x15b 0x0 0x0 0xf00002 0x15b 0xf90005 0x0 0x1938c540 0x15b 0x0 0x0 0xfd0005 0x0 0x1938c540 0x15b 0x0 0x0 0x1060005 0x0 0x1938c540 0x15b 0x0 0x0 0x10f0005 0x0 0x1938c540 0x15b 0x0 0x0 0x1130005 0x0 0x1938c540 0x15b 0x0 0x0 0x11c0005 0x0 0x1938c540 0x15b 0x0 0x0 0x1210005 0x0 0x1938c540 0x15b 0x0 0x0 0x12b0005 0x0 0x1938c540 0x15b 0x0 0x0 0x12e0005 0x0 0x1938c540 0x15b 0x0 0x0 0x1370005 0x0 0x1938c540 0x15b 0x0 0x0 0x1470005 0x0 0x1938c540 0x15b 0x0 0x0 0x14c0005 0x0 0x1938c540 0x15b 0x0 0x0 0x1510005 0x0 0x1938c540 0x15b 0x0 0x0 0x1560005 0x0 0x1938c540 0x15b 0x0 0x0 0x15b0005 0x0 0x1938c540 0x15b 0x0 0x0 0x1600005 0x0 0x1938c540 0x15b 0x0 0x0 0x1650005 0x0 0x1938c540 0x15b 0x0 0x0 0x16a0005 0x0 0x1938c540 0x15b 0x0 0x0 0x1770007 0x14b 0x50 0x10 0x17c0005 0x0 0x1938c540 0x10 0x0 0x0 oops 37 16 java/math/BigInteger 22 java/math/BigInteger 28 java/math/BigInteger 34 java/math/BigInteger 40 java/math/BigInteger 46 java/math/BigInteger 52 java/math/BigInteger 58 java/math/BigInteger 64 java/math/BigInteger 70 java/math/BigInteger 76 java/math/BigInteger 82 java/math/BigInteger 88 java/math/BigInteger 94 java/math/BigInteger 100 java/math/BigInteger 106 java/math/BigInteger 112 java/math/BigInteger 118 java/math/BigInteger 126 java/math/BigInteger 132 java/math/BigInteger 138 java/math/BigInteger 144 java/math/BigInteger 150 java/math/BigInteger 156 java/math/BigInteger 162 java/math/BigInteger 168 java/math/BigInteger 174 java/math/BigInteger 180 java/math/BigInteger 186 java/math/BigInteger 192 java/math/BigInteger 198 java/math/BigInteger 204 java/math/BigInteger 210 java/math/BigInteger 216 java/math/BigInteger 222 java/math/BigInteger 228 java/math/BigInteger 238 java/math/BigInteger
ciMethodData java/math/BigInteger shiftLeft (I)Ljava/math/BigInteger; 2 5316 orig 264 72 34 223 101 0 0 0 0 248 141 170 22 0 0 0 0 224 1 0 0 96 0 0 0 0 0 0 0 0 0 0 0 0 0 0 0 0 0 0 0 0 0 0 0 0 0 0 0 0 0 0 0 0 0 0 0 0 0 0 0 0 0 0 0 0 0 0 0 0 0 0 0 0 0 0 0 0 0 0 0 77 68 79 32 101 120 116 114 97 32 100 97 116 97 32 108 111 99 107 0 0 0 0 0 0 0 0 0 0 0 0 0 0 0 0 0 0 0 0 0 0 0 0 0 0 0 0 0 0 0 0 0 0 0 0 0 0 0 0 0 0 0 0 0 0 0 0 0 0 0 0 0 0 0 0 0 0 0 0 0 0 0 0 0 0 0 0 0 0 0 0 0 0 0 0 0 0 0 0 0 0 0 0 0 0 0 0 0 0 0 0 0 0 0 0 0 0 0 0 0 0 0 0 0 0 0 0 0 0 0 0 0 0 0 0 0 3 1 0 0 249 157 0 0 1 0 0 0 0 0 0 0 0 0 0 0 2 0 0 0 0 0 9 0 2 0 0 0 144 0 0 0 255 255 255 255 7 0 4 0 0 0 0 0 data 18 0x40007 0x13bf 0x20 0x0 0xc0007 0x0 0x40 0x13bf 0x180002 0x13bf 0x1f0002 0x13bf 0x240007 0x0 0x20 0x0 0x2c0002 0x0 oops 0
ciMethodData java/math/BigInteger shiftRightImpl (I)Ljava/math/BigInteger; 2 108365 orig 264 72 34 223 101 0 0 0 0 200 145 170 22 0 0 0 0 232 3 0 0 248 0 0 0 0 0 0 0 0 0 0 0 0 0 0 0 0 0 0 0 0 0 0 0 0 0 0 0 0 0 0 0 0 0 0 0 0 0 0 0 0 0 0 0 0 0 0 0 0 0 0 0 0 0 0 0 0 0 0 0 77 68 79 32 101 120 116 114 97 32 100 97 116 97 32 108 111 99 107 0 0 0 0 0 0 0 0 0 0 0 0 0 0 0 0 0 0 0 0 0 0 0 0 0 0 0 0 0 0 0 0 0 0 0 0 0 0 0 0 0 0 0 0 0 0 0 0 0 0 0 0 0 0 0 0 0 0 0 0 0 0 0 0 0 0 0 0 0 0 0 0 0 0 0 0 0 0 0 0 0 0 0 0 0 0 0 0 0 0 0 0 0 0 0 0 0 0 0 0 0 0 0 0 0 0 0 0 0 0 0 0 0 0 0 0 0 100 60 0 0 153 7 0 0 73 87 11 0 0 0 0 0 0 0 0 0 2 0 0 0 2 0 44 0 2 0 0 0 152 2 0 0 255 255 255 255 7 0 22 0 0 0 0 0 data 83 0x160007 0xf3 0x58 0x0 0x1d0007 0x0 0x38 0x0 0x230003 0x0 0x18 0x2d0007 0xf3 0x48 0x0 0x3c0002 0x0 0x410003 0x0 0x88 0x530007 0x42 0x38 0xb1 0x680003 0xb1 0x18 0x860007 0xf2 0x38 0x16ae5 0xa80003 0x16ae5 0xffffffffffffffe0 0xaf0007 0xf2 0x178 0x0 0xc50007 0x0 0x90 0x0 0xca0007 0x0 0x70 0x0 0xd40007 0x0 0x38 0x0 0xd80003 0x0 0x18 0xe10003 0x0 0xffffffffffffff88 0xe60007 0x0 0x78 0x0 0xea0007 0x0 0x58 0x0 0xfd0007 0x0 0x38 0x0 0x1010003 0x0 0x18 0x1090007 0x0 0x50 0x0 0x10f0005 0x0 0x0 0x0 0x0 0x0 0x11e0002 0xf2 oops 0
ciMethodData java/math/BigInteger getLower (I)Ljava/math/BigInteger; 2 3186 orig 264 72 34 223 101 0 0 0 0 176 96 170 22 0 0 0 0 208 1 0 0 32 0 0 0 0 0 0 0 0 0 0 0 0 0 0 0 0 0 0 0 0 0 0 0 0 0 0 0 0 0 0 0 0 0 0 0 0 0 0 0 0 0 0 0 0 0 0 0 0 0 0 0 0 0 0 0 0 0 0 0 77 68 79 32 101 120 116 114 97 32 100 97 116 97 32 108 111 99 107 0 0 0 0 0 0 0 0 0 0 0 0 0 0 0 0 0 0 0 0 0 0 0 0 0 0 0 0 0 0 0 0 0 0 0 0 0 0 0 0 0 0 0 0 0 0 0 0 0 0 0 0 0 0 0 0 0 0 0 0 0 0 0 0 0 0 0 0 0 0 0 0 0 0 0 0 0 0 0 0 0 0 0 0 0 0 0 0 0 0 0 0 0 0 0 0 0 0 0 0 0 0 0 0 0 0 0 0 0 0 0 0 0 0 0 0 0 6 1 0 0 97 91 0 0 1 0 0 0 0 0 0 0 0 0 0 0 2 0 0 0 0 0 9 0 2 0 0 0 128 0 0 0 255 255 255 255 7 0 8 0 0 0 0 0 data 16 0x80007 0xb6c 0x50 0x0 0xc0005 0x0 0x0 0x0 0x0 0x0 0x1e0002 0xb6c 0x260002 0xb6c 0x2a0002 0xb6c oops 0
ciMethodData java/math/BigInteger getUpper (I)Ljava/math/BigInteger; 2 3214 orig 264 72 34 223 101 0 0 0 0 120 97 170 22 0 0 0 0 160 1 0 0 0 0 0 0 0 0 0 0 0 0 0 0 0 0 0 0 0 0 0 0 0 0 0 0 0 0 0 0 0 0 0 0 0 0 0 0 0 0 0 0 0 0 0 0 0 0 0 0 0 0 0 0 0 0 0 0 0 0 0 0 77 68 79 32 101 120 116 114 97 32 100 97 116 97 32 108 111 99 107 0 0 0 0 0 0 0 0 0 0 0 0 0 0 0 0 0 0 0 0 0 0 0 0 0 0 0 0 0 0 0 0 0 0 0 0 0 0 0 0 0 0 0 0 0 0 0 0 0 0 0 0 0 0 0 0 0 0 0 0 0 0 0 0 0 0 0 0 0 0 0 0 0 0 0 0 0 0 0 0 0 0 0 0 0 0 0 0 0 0 0 0 0 0 0 0 0 0 0 0 0 0 0 0 0 0 0 0 0 0 0 0 0 0 0 0 0 130 1 0 0 97 88 0 0 1 0 0 0 0 0 0 0 0 0 0 0 2 0 0 0 0 0 5 0 2 0 0 0 80 0 0 0 255 255 255 255 7 0 8 0 0 0 0 0 data 10 0x80007 0xb0c 0x20 0x0 0x210002 0xb0c 0x2a0002 0xb0c 0x2e0002 0xb0c oops 0
instanceKlass it/unisa/dia/gas/plaf/jpbc/util/io/PairingStreamWriter
instanceKlass org/bouncycastle/crypto/params/ParametersWithRandom
instanceKlass it/unisa/dia/gas/plaf/jpbc/field/base/AbstractElement
instanceKlass it/unisa/dia/gas/jpbc/Point
instanceKlass it/unisa/dia/gas/jpbc/Vector
instanceKlass com/abe/util/KeyStoreUtil
instanceKlass it/unisa/dia/gas/jpbc/Matrix
instanceKlass it/unisa/dia/gas/plaf/jpbc/util/ElementUtils
instanceKlass org/bouncycastle/crypto/params/AsymmetricKeyParameter
instanceKlass it/unisa/dia/gas/plaf/jpbc/mm/clt13/engine/MultiThreadCTL13MMInstance$4
instanceKlass java/util/concurrent/locks/LockSupport
instanceKlass java/util/concurrent/Executors$RunnableAdapter
instanceKlass java/util/concurrent/FutureTask$WaitNode
instanceKlass java/util/concurrent/FutureTask
instanceKlass java/util/concurrent/RunnableFuture
instanceKlass java/util/concurrent/Future
instanceKlass it/unisa/dia/gas/plaf/jpbc/util/concurrent/ExecutorServiceUtils$IndexCallable
instanceKlass java/util/concurrent/ExecutorCompletionService
instanceKlass java/util/concurrent/SynchronousQueue$TransferStack$SNode
instanceKlass java/util/concurrent/SynchronousQueue$Transferer
instanceKlass java/util/concurrent/LinkedBlockingQueue$Node
instanceKlass java/util/concurrent/locks/AbstractQueuedSynchronizer$ConditionObject
instanceKlass java/util/concurrent/locks/Condition
instanceKlass java/util/concurrent/BlockingQueue
instanceKlass java/util/concurrent/ThreadPoolExecutor$AbortPolicy
instanceKlass java/util/concurrent/RejectedExecutionHandler
instanceKlass java/util/concurrent/AbstractExecutorService
instanceKlass java/util/concurrent/ExecutorService
instanceKlass java/util/concurrent/Executors
instanceKlass it/unisa/dia/gas/plaf/jpbc/util/concurrent/ExecutorServiceUtils$DaemonThreadFactory
instanceKlass java/util/concurrent/ThreadFactory
instanceKlass it/unisa/dia/gas/plaf/jpbc/util/concurrent/ExecutorServiceUtils
instanceKlass java/util/concurrent/Executor
instanceKlass java/util/concurrent/CompletionService
instanceKlass it/unisa/dia/gas/plaf/jpbc/util/concurrent/PoolExecutor
instanceKlass it/unisa/dia/gas/plaf/jpbc/util/math/BigIntegerUtils
instanceKlass sun/security/provider/SeedGenerator$1
instanceKlass sun/security/provider/SeedGenerator
instanceKlass sun/security/provider/SecureRandom$SeederHolder
instanceKlass it/unisa/dia/gas/plaf/jpbc/mm/clt13/pairing/CTL13MMElement
instanceKlass it/unisa/dia/gas/crypto/jpbc/fe/abe/gghsw13/params/GGHSW13Parameters
instanceKlass it/unisa/dia/gas/plaf/jpbc/mm/clt13/pairing/CTL13MMField
instanceKlass it/unisa/dia/gas/plaf/jpbc/mm/clt13/parameters/CTL13MMPublicParameters
instanceKlass it/unisa/dia/gas/plaf/jpbc/util/io/disk/ByteBufferBigIntegerArraySector$1
instanceKlass it/unisa/dia/gas/plaf/jpbc/util/io/ByteBufferDataOutput
instanceKlass it/unisa/dia/gas/plaf/jpbc/util/io/PairingDataOutput
instanceKlass it/unisa/dia/gas/plaf/jpbc/util/io/ByteBufferDataInput
instanceKlass it/unisa/dia/gas/plaf/jpbc/util/io/PairingDataInput
instanceKlass sun/nio/ch/IOStatus
instanceKlass sun/nio/ch/Util$5
instanceKlass sun/nio/ch/Util$2
instanceKlass sun/nio/ch/Util
instanceKlass sun/nio/ch/FileChannelImpl$Unmapper
instanceKlass sun/nio/ch/NativeThread
instanceKlass java/nio/channels/spi/AbstractInterruptibleChannel$1
instanceKlass sun/nio/ch/Interruptible
instanceKlass java/nio/channels/FileChannel$MapMode
instanceKlass sun/nio/ch/FileDispatcherImpl$1
instanceKlass sun/nio/ch/NativeDispatcher
instanceKlass sun/nio/ch/NativeThreadSet
instanceKlass sun/nio/ch/IOUtil$1
instanceKlass sun/nio/ch/IOUtil
instanceKlass java/nio/file/attribute/FileAttribute
instanceKlass java/nio/channels/spi/AbstractInterruptibleChannel
instanceKlass java/nio/channels/InterruptibleChannel
instanceKlass java/nio/channels/ScatteringByteChannel
instanceKlass java/nio/channels/GatheringByteChannel
instanceKlass java/nio/channels/SeekableByteChannel
instanceKlass java/nio/channels/ByteChannel
instanceKlass java/nio/channels/WritableByteChannel
instanceKlass java/nio/channels/ReadableByteChannel
instanceKlass java/nio/channels/Channel
instanceKlass java/io/DataOutput
instanceKlass java/io/DataInput
